testTank/Library/Bee/Android/Prj/Mono2x/Gradle/launcher/build/intermediates/manifest_merge_blame_file/release/manifest-merger-blame-release-report.txt
1<?xml version="1.0" encoding="utf-8"?>
2<manifest xmlns:android="http://schemas.android.com/apk/res/android"
3    package="com.DefaultCompany.testTank"
4    android:installLocation="preferExternal"
5    android:versionCode="1"
6    android:versionName="0.1" >
7
8    <uses-sdk
9        android:minSdkVersion="24"
9-->src/main/AndroidManifest.xml
10        android:targetSdkVersion="34" />
10-->src/main/AndroidManifest.xml
11
12    <supports-screens
12-->src/main/AndroidManifest.xml:4:3-163
13        android:anyDensity="true"
13-->src/main/AndroidManifest.xml:4:135-160
14        android:largeScreens="true"
14-->src/main/AndroidManifest.xml:4:78-105
15        android:normalScreens="true"
15-->src/main/AndroidManifest.xml:4:49-77
16        android:smallScreens="true"
16-->src/main/AndroidManifest.xml:4:21-48
17        android:xlargeScreens="true" />
17-->src/main/AndroidManifest.xml:4:106-134
18
19    <uses-permission android:name="android.permission.BLUETOOTH" />
19-->[:unityLibrary] AndroidManifest.xml:11:5-68
19-->[:unityLibrary] AndroidManifest.xml:11:22-65
20    <uses-permission android:name="android.permission.BLUETOOTH_ADMIN" />
20-->[:unityLibrary] AndroidManifest.xml:12:5-74
20-->[:unityLibrary] AndroidManifest.xml:12:22-71
21    <uses-permission android:name="android.permission.ACCESS_FINE_LOCATION" />
21-->[:unityLibrary] AndroidManifest.xml:13:5-79
21-->[:unityLibrary] AndroidManifest.xml:13:22-76
22    <uses-permission android:name="android.permission.ACCESS_COARSE_LOCATION" />
22-->[:unityLibrary] AndroidManifest.xml:14:5-81
22-->[:unityLibrary] AndroidManifest.xml:14:22-78
23    <uses-permission android:name="android.permission.ACCESS_BACKGROUND_LOCATION" />
23-->[:unityLibrary] AndroidManifest.xml:15:5-85
23-->[:unityLibrary] AndroidManifest.xml:15:22-82
24    <uses-permission android:name="android.permission.BLUETOOTH_SCAN" />
24-->[:unityLibrary] AndroidManifest.xml:16:5-73
24-->[:unityLibrary] AndroidManifest.xml:16:22-70
25    <uses-permission android:name="android.permission.BLUETOOTH_ADVERTISE" />
25-->[:unityLibrary] AndroidManifest.xml:17:5-78
25-->[:unityLibrary] AndroidManifest.xml:17:22-75
26    <uses-permission android:name="android.permission.BLUETOOTH_CONNECT" />
26-->[:unityLibrary] AndroidManifest.xml:18:5-76
26-->[:unityLibrary] AndroidManifest.xml:18:22-73
27    <uses-permission android:name="android.permission.REQUEST_COMPANION_RUN_IN_BACKGROUND" />
27-->[:unityLibrary] AndroidManifest.xml:19:5-94
27-->[:unityLibrary] AndroidManifest.xml:19:22-91
28    <uses-permission android:name="android.permission.REQUEST_COMPANION_USE_DATA_IN_BACKGROUND" />
28-->[:unityLibrary] AndroidManifest.xml:20:5-99
28-->[:unityLibrary] AndroidManifest.xml:20:22-96
29
30    <uses-feature
30-->[:unityLibrary] AndroidManifest.xml:22:5-24:35
31        android:name="android.hardware.bluetooth"
31-->[:unityLibrary] AndroidManifest.xml:23:9-50
32        android:required="true" />
32-->[:unityLibrary] AndroidManifest.xml:24:9-32
33    <uses-feature
33-->[:unityLibrary] AndroidManifest.xml:25:5-27:35
34        android:name="android.hardware.bluetooth_le"
34-->[:unityLibrary] AndroidManifest.xml:26:9-53
35        android:required="true" />
35-->[:unityLibrary] AndroidManifest.xml:27:9-32
36    <uses-feature android:name="android.software.companion_device_setup" />
36-->[:unityLibrary] AndroidManifest.xml:28:5-76
36-->[:unityLibrary] AndroidManifest.xml:28:19-73
37    <uses-feature android:glEsVersion="0x00030000" />
37-->[:unityLibrary] AndroidManifest.xml:29:5-54
37-->[:unityLibrary] AndroidManifest.xml:29:19-51
38    <uses-feature
38-->[:unityLibrary] AndroidManifest.xml:30:5-32:36
39        android:name="android.hardware.vulkan.version"
39-->[:unityLibrary] AndroidManifest.xml:31:9-55
40        android:required="false" />
40-->[:unityLibrary] AndroidManifest.xml:32:9-33
41    <uses-feature
41-->[:unityLibrary] AndroidManifest.xml:33:5-35:36
42        android:name="android.hardware.touchscreen"
42-->[:unityLibrary] AndroidManifest.xml:34:9-52
43        android:required="false" />
43-->[:unityLibrary] AndroidManifest.xml:35:9-33
44    <uses-feature
44-->[:unityLibrary] AndroidManifest.xml:36:5-38:36
45        android:name="android.hardware.touchscreen.multitouch"
45-->[:unityLibrary] AndroidManifest.xml:37:9-63
46        android:required="false" />
46-->[:unityLibrary] AndroidManifest.xml:38:9-33
47    <uses-feature
47-->[:unityLibrary] AndroidManifest.xml:39:5-41:36
48        android:name="android.hardware.touchscreen.multitouch.distinct"
48-->[:unityLibrary] AndroidManifest.xml:40:9-72
49        android:required="false" />
49-->[:unityLibrary] AndroidManifest.xml:41:9-33
50
51    <application
51-->src/main/AndroidManifest.xml:3:3-83
52        android:extractNativeLibs="true"
52-->[:unityLibrary] AndroidManifest.xml:51:9-41
53        android:icon="@mipmap/app_icon"
53-->src/main/AndroidManifest.xml:3:49-80
54        android:label="@string/app_name"
54-->src/main/AndroidManifest.xml:3:16-48
55        android:theme="@style/UnityThemeSelector" >
55-->[:unityLibrary] AndroidManifest.xml:54:9-50
56        <meta-data
56-->[:unityLibrary] AndroidManifest.xml:55:9-57:33
57            android:name="unity.splash-mode"
57-->[:unityLibrary] AndroidManifest.xml:56:13-45
58            android:value="0" />
58-->[:unityLibrary] AndroidManifest.xml:57:13-30
59        <meta-data
59-->[:unityLibrary] AndroidManifest.xml:58:9-60:36
60            android:name="unity.splash-enable"
60-->[:unityLibrary] AndroidManifest.xml:59:13-47
61            android:value="True" />
61-->[:unityLibrary] AndroidManifest.xml:60:13-33
62        <meta-data
62-->[:unityLibrary] AndroidManifest.xml:61:9-63:36
63            android:name="unity.launch-fullscreen"
63-->[:unityLibrary] AndroidManifest.xml:62:13-51
64            android:value="True" />
64-->[:unityLibrary] AndroidManifest.xml:63:13-33
65        <meta-data
65-->[:unityLibrary] AndroidManifest.xml:64:9-66:36
66            android:name="unity.render-outside-safearea"
66-->[:unityLibrary] AndroidManifest.xml:65:13-57
67            android:value="True" />
67-->[:unityLibrary] AndroidManifest.xml:66:13-33
68        <meta-data
68-->[:unityLibrary] AndroidManifest.xml:67:9-69:50
69            android:name="notch.config"
69-->[:unityLibrary] AndroidManifest.xml:68:13-40
70            android:value="portrait|landscape" />
70-->[:unityLibrary] AndroidManifest.xml:69:13-47
71        <meta-data
71-->[:unityLibrary] AndroidManifest.xml:70:9-72:36
72            android:name="unity.auto-report-fully-drawn"
72-->[:unityLibrary] AndroidManifest.xml:71:13-57
73            android:value="true" />
73-->[:unityLibrary] AndroidManifest.xml:72:13-33
74
75        <activity
75-->[:unityLibrary] AndroidManifest.xml:74:9-96:20
76            android:name="com.unity3d.player.UnityPlayerActivity"
76-->[:unityLibrary] AndroidManifest.xml:75:13-66
77            android:configChanges="mcc|mnc|locale|touchscreen|keyboard|keyboardHidden|navigation|orientation|screenLayout|uiMode|screenSize|smallestScreenSize|fontScale|layoutDirection|density"
77-->[:unityLibrary] AndroidManifest.xml:76:13-194
78            android:exported="true"
78-->[:unityLibrary] AndroidManifest.xml:77:13-36
79            android:hardwareAccelerated="false"
79-->[:unityLibrary] AndroidManifest.xml:78:13-48
80            android:label="@string/app_name"
80-->[:unityLibrary] AndroidManifest.xml:79:13-45
81            android:launchMode="singleTask"
81-->[:unityLibrary] AndroidManifest.xml:80:13-44
82            android:resizeableActivity="false"
82-->[:unityLibrary] AndroidManifest.xml:81:13-47
83            android:screenOrientation="fullUser" >
83-->[:unityLibrary] AndroidManifest.xml:82:13-49
84            <intent-filter>
84-->[:unityLibrary] AndroidManifest.xml:83:13-88:29
85                <category android:name="android.intent.category.LAUNCHER" />
85-->[:unityLibrary] AndroidManifest.xml:84:17-77
85-->[:unityLibrary] AndroidManifest.xml:84:27-74
86
87                <action android:name="android.intent.action.MAIN" />
87-->[:unityLibrary] AndroidManifest.xml:86:17-69
87-->[:unityLibrary] AndroidManifest.xml:86:25-66
88                <action android:name="android.bluetooth.device.action.ACL_DISCONNECTED" />
88-->[:unityLibrary] AndroidManifest.xml:87:17-91
88-->[:unityLibrary] AndroidManifest.xml:87:25-88
89            </intent-filter>
90
91            <meta-data
91-->[:unityLibrary] AndroidManifest.xml:90:13-92:40
92                android:name="unityplayer.UnityActivity"
92-->[:unityLibrary] AndroidManifest.xml:91:17-57
93                android:value="true" />
93-->[:unityLibrary] AndroidManifest.xml:92:17-37
94            <meta-data
94-->[:unityLibrary] AndroidManifest.xml:93:13-95:40
95                android:name="notch_support"
95-->[:unityLibrary] AndroidManifest.xml:94:17-45
96                android:value="true" />
96-->[:unityLibrary] AndroidManifest.xml:95:17-37
97        </activity>
98        <activity
98-->[:unityLibrary] AndroidManifest.xml:97:9-99:75
99            android:name="com.tony.bluetoothunityapi.EmptyActivity"
99-->[:unityLibrary] AndroidManifest.xml:98:13-68
100            android:theme="@android:style/Theme.Translucent.NoTitleBar" />
100-->[:unityLibrary] AndroidManifest.xml:99:13-72
101    </application>
102
103</manifest>